<?xml version="1.0" encoding="UTF-8"?>
<!-- Generated by org.testng.reporters.JUnitReportReporter -->
<testsuite hostname="DESKTOP-LPSVTKP" failures="0" tests="2" name="neoStockTest.Test_neostock" time="106.159" errors="0" timestamp="2022-12-05T21:57:37 IST" skipped="0">
  <testcase classname="neoStockTest.Test_neostock" name="validateUID" time="62.377"/>
  <system-out/>
  <testcase classname="neoStockTest.Test_neostock" name="validateBalance" time="43.782"/>
  <system-out/>
</testsuite> <!-- neoStockTest.Test_neostock -->
